<?xml version="1.0" encoding="UTF-8"?>
<!-- Generated by org.testng.reporters.JUnitReportReporter -->
<testsuite hostname="DESKTOP-LIS2ISU" failures="0" tests="6" name="com.axiatadigitallabs.TestGitGithub" time="26.701" errors="0" timestamp="2022-02-03T19:38:47 WIB" skipped="0">
  <testcase classname="com.axiatadigitallabs.TestGitGithub" name="As_a_User_I_want_to_login_to_gistgithub_com" time="9.066"/>
  <system-out/>
  <testcase classname="com.axiatadigitallabs.TestGitGithub" name="As_a_User_I_want_to_create_a_gist" time="3.813"/>
  <system-out/>
  <testcase classname="com.axiatadigitallabs.TestGitGithub" name="As_a_User_I_want_to_see_the_list_of_gists" time="1.721"/>
  <system-out/>
  <testcase classname="com.axiatadigitallabs.TestGitGithub" name="As_a_User_I_want_to_delete_a_gist" time="2.350"/>
  <system-out/>
  <testcase classname="com.axiatadigitallabs.TestGitGithub" name="As_a_User_I_want_to_edit_a_gist" time="6.719"/>
  <system-out/>
  <testcase classname="com.axiatadigitallabs.TestGitGithub" name="As_a_User_I_want_to_logout_from_gist_github_com" time="3.032"/>
  <system-out/>
</testsuite> <!-- com.axiatadigitallabs.TestGitGithub -->
