<?xml version="1.0" encoding="UTF-8"?>
<!-- Generated by org.testng.reporters.JUnitReportReporter -->
<testsuite hostname="DESKTOP-LIS2ISU" failures="0" tests="1" name="com.axiatadigitallabs.glue.TestGitGithub" time="6.357" errors="0" timestamp="2022-02-03T00:45:33 WIB" skipped="0">
  <testcase classname="com.axiatadigitallabs.glue.TestGitGithub" name="gotoWeb" time="6.357"/>
  <system-out/>
</testsuite> <!-- com.axiatadigitallabs.glue.TestGitGithub -->
